mode: set
github.com/niteshchandra7/bookings/cmd/web/main.go:29.13,40.16 5 0
github.com/niteshchandra7/bookings/cmd/web/main.go:40.16,43.3 2 0
github.com/niteshchandra7/bookings/cmd/web/main.go:46.18,68.16 14 1
github.com/niteshchandra7/bookings/cmd/web/main.go:68.16,71.3 2 0
github.com/niteshchandra7/bookings/cmd/web/main.go:72.2,78.12 7 1
github.com/niteshchandra7/bookings/cmd/web/middleware.go:10.53,11.71 1 0
github.com/niteshchandra7/bookings/cmd/web/middleware.go:11.71,14.3 2 0
github.com/niteshchandra7/bookings/cmd/web/middleware.go:19.45,28.2 3 1
github.com/niteshchandra7/bookings/cmd/web/middleware.go:32.50,34.2 1 1
github.com/niteshchandra7/bookings/cmd/web/routes.go:15.49,46.2 19 1
