mode: set
github.com/niteshchandra7/bookings/cmd/web/main.go:25.13,36.16 5 0
github.com/niteshchandra7/bookings/cmd/web/main.go:36.16,39.3 2 0
github.com/niteshchandra7/bookings/cmd/web/main.go:42.18,58.16 10 1
github.com/niteshchandra7/bookings/cmd/web/main.go:58.16,61.3 2 0
github.com/niteshchandra7/bookings/cmd/web/main.go:62.2,67.12 6 1
github.com/niteshchandra7/bookings/cmd/web/middleware.go:10.53,11.71 1 0
github.com/niteshchandra7/bookings/cmd/web/middleware.go:11.71,14.3 2 0
github.com/niteshchandra7/bookings/cmd/web/middleware.go:19.45,28.2 3 1
github.com/niteshchandra7/bookings/cmd/web/middleware.go:32.50,34.2 1 1
github.com/niteshchandra7/bookings/cmd/web/routes.go:15.49,46.2 19 1
